2024-11-25T15:24:32.052+09:00 DEBUG 48840 --- [demo] [main] com.example.demo.LombokTestApplication   : debug...
2024-11-25T15:24:32.054+09:00  INFO 48840 --- [demo] [main] com.example.demo.LombokTestApplication   : info... product = Product(name=김치냉장고, description=null, price=10000000)
2024-11-25T15:24:32.054+09:00  WARN 48840 --- [demo] [main] com.example.demo.LombokTestApplication   : warn...
2024-11-25T15:24:32.054+09:00 ERROR 48840 --- [demo] [main] com.example.demo.LombokTestApplication   : error...
2024-11-25T15:24:32.055+09:00 DEBUG 48840 --- [demo] [main] com.example.demo.LombokTestApplication   : debug...
2024-11-25T15:24:32.055+09:00  INFO 48840 --- [demo] [main] com.example.demo.LombokTestApplication   : info... product = Product(name=김치냉장고, description=null, price=10000000)
2024-11-25T15:24:32.065+09:00  WARN 48840 --- [demo] [main] com.example.demo.LombokTestApplication   : warn...
2024-11-25T15:24:32.065+09:00 ERROR 48840 --- [demo] [main] com.example.demo.LombokTestApplication   : error...
2024-11-25T15:24:32.065+09:00 DEBUG 48840 --- [demo] [main] com.example.demo.LombokTestApplication   : debug...
2024-11-25T15:24:32.065+09:00  INFO 48840 --- [demo] [main] com.example.demo.LombokTestApplication   : info... product = Product(name=김치냉장고, description=null, price=10000000)
2024-11-25T15:24:32.065+09:00  WARN 48840 --- [demo] [main] com.example.demo.LombokTestApplication   : warn...
2024-11-25T15:24:32.065+09:00 ERROR 48840 --- [demo] [main] com.example.demo.LombokTestApplication   : error...
2024-11-25T15:24:32.065+09:00 DEBUG 48840 --- [demo] [main] com.example.demo.LombokTestApplication   : debug...
2024-11-25T15:24:32.065+09:00  INFO 48840 --- [demo] [main] com.example.demo.LombokTestApplication   : info... product = Product(name=김치냉장고, description=null, price=10000000)
2024-11-25T15:24:32.065+09:00  WARN 48840 --- [demo] [main] com.example.demo.LombokTestApplication   : warn...
2024-11-25T15:24:32.065+09:00 ERROR 48840 --- [demo] [main] com.example.demo.LombokTestApplication   : error...
2024-11-25T15:24:32.065+09:00 DEBUG 48840 --- [demo] [main] com.example.demo.LombokTestApplication   : debug...
2024-11-25T15:24:32.065+09:00  INFO 48840 --- [demo] [main] com.example.demo.LombokTestApplication   : info... product = Product(name=김치냉장고, description=null, price=10000000)
2024-11-25T15:24:32.065+09:00  WARN 48840 --- [demo] [main] com.example.demo.LombokTestApplication   : warn...
2024-11-25T15:24:32.065+09:00 ERROR 48840 --- [demo] [main] com.example.demo.LombokTestApplication   : error...
2024-11-25T15:24:32.065+09:00 DEBUG 48840 --- [demo] [main] com.example.demo.LombokTestApplication   : debug...
2024-11-25T15:24:32.065+09:00  INFO 48840 --- [demo] [main] com.example.demo.LombokTestApplication   : info... product = Product(name=김치냉장고, description=null, price=10000000)
2024-11-25T15:24:32.065+09:00  WARN 48840 --- [demo] [main] com.example.demo.LombokTestApplication   : warn...
2024-11-25T15:24:32.065+09:00 ERROR 48840 --- [demo] [main] com.example.demo.LombokTestApplication   : error...
2024-11-25T15:24:32.065+09:00 DEBUG 48840 --- [demo] [main] com.example.demo.LombokTestApplication   : debug...
2024-11-25T15:24:32.065+09:00  INFO 48840 --- [demo] [main] com.example.demo.LombokTestApplication   : info... product = Product(name=김치냉장고, description=null, price=10000000)
2024-11-25T15:24:32.066+09:00  WARN 48840 --- [demo] [main] com.example.demo.LombokTestApplication   : warn...
2024-11-25T15:24:32.066+09:00 ERROR 48840 --- [demo] [main] com.example.demo.LombokTestApplication   : error...
2024-11-25T15:24:32.066+09:00 DEBUG 48840 --- [demo] [main] com.example.demo.LombokTestApplication   : debug...
2024-11-25T15:24:32.066+09:00  INFO 48840 --- [demo] [main] com.example.demo.LombokTestApplication   : info... product = Product(name=김치냉장고, description=null, price=10000000)
2024-11-25T15:24:32.066+09:00  WARN 48840 --- [demo] [main] com.example.demo.LombokTestApplication   : warn...
2024-11-25T15:24:32.066+09:00 ERROR 48840 --- [demo] [main] com.example.demo.LombokTestApplication   : error...
2024-11-25T15:24:32.066+09:00 DEBUG 48840 --- [demo] [main] com.example.demo.LombokTestApplication   : debug...
2024-11-25T15:24:32.066+09:00  INFO 48840 --- [demo] [main] com.example.demo.LombokTestApplication   : info... product = Product(name=김치냉장고, description=null, price=10000000)
2024-11-25T15:24:32.066+09:00  WARN 48840 --- [demo] [main] com.example.demo.LombokTestApplication   : warn...
2024-11-25T15:24:32.066+09:00 ERROR 48840 --- [demo] [main] com.example.demo.LombokTestApplication   : error...
2024-11-25T15:24:32.066+09:00 DEBUG 48840 --- [demo] [main] com.example.demo.LombokTestApplication   : debug...
2024-11-25T15:24:32.066+09:00  INFO 48840 --- [demo] [main] com.example.demo.LombokTestApplication   : info... product = Product(name=김치냉장고, description=null, price=10000000)
2024-11-25T15:24:32.066+09:00  WARN 48840 --- [demo] [main] com.example.demo.LombokTestApplication   : warn...
2024-11-25T15:24:32.066+09:00 ERROR 48840 --- [demo] [main] com.example.demo.LombokTestApplication   : error...
2024-11-25T15:24:32.066+09:00 DEBUG 48840 --- [demo] [main] com.example.demo.LombokTestApplication   : debug...
2024-11-25T15:24:32.066+09:00  INFO 48840 --- [demo] [main] com.example.demo.LombokTestApplication   : info... product = Product(name=김치냉장고, description=null, price=10000000)
2024-11-25T15:24:32.066+09:00  WARN 48840 --- [demo] [main] com.example.demo.LombokTestApplication   : warn...
2024-11-25T15:24:32.066+09:00 ERROR 48840 --- [demo] [main] com.example.demo.LombokTestApplication   : error...
2024-11-25T15:24:32.066+09:00 DEBUG 48840 --- [demo] [main] com.example.demo.LombokTestApplication   : debug...
2024-11-25T15:24:32.066+09:00  INFO 48840 --- [demo] [main] com.example.demo.LombokTestApplication   : info... product = Product(name=김치냉장고, description=null, price=10000000)
2024-11-25T15:24:32.067+09:00  WARN 48840 --- [demo] [main] com.example.demo.LombokTestApplication   : warn...
2024-11-25T15:24:32.067+09:00 ERROR 48840 --- [demo] [main] com.example.demo.LombokTestApplication   : error...
2024-11-25T15:24:32.067+09:00 DEBUG 48840 --- [demo] [main] com.example.demo.LombokTestApplication   : debug...
2024-11-25T15:24:32.067+09:00  INFO 48840 --- [demo] [main] com.example.demo.LombokTestApplication   : info... product = Product(name=김치냉장고, description=null, price=10000000)
2024-11-25T15:24:32.067+09:00  WARN 48840 --- [demo] [main] com.example.demo.LombokTestApplication   : warn...
2024-11-25T15:24:32.067+09:00 ERROR 48840 --- [demo] [main] com.example.demo.LombokTestApplication   : error...
2024-11-25T15:24:32.067+09:00 DEBUG 48840 --- [demo] [main] com.example.demo.LombokTestApplication   : debug...
2024-11-25T15:24:32.067+09:00  INFO 48840 --- [demo] [main] com.example.demo.LombokTestApplication   : info... product = Product(name=김치냉장고, description=null, price=10000000)
2024-11-25T15:24:32.067+09:00  WARN 48840 --- [demo] [main] com.example.demo.LombokTestApplication   : warn...
2024-11-25T15:24:32.067+09:00 ERROR 48840 --- [demo] [main] com.example.demo.LombokTestApplication   : error...
2024-11-25T15:24:32.067+09:00 DEBUG 48840 --- [demo] [main] com.example.demo.LombokTestApplication   : debug...
2024-11-25T15:24:32.067+09:00  INFO 48840 --- [demo] [main] com.example.demo.LombokTestApplication   : info... product = Product(name=김치냉장고, description=null, price=10000000)
2024-11-25T15:24:32.067+09:00  WARN 48840 --- [demo] [main] com.example.demo.LombokTestApplication   : warn...
2024-11-25T15:24:32.067+09:00 ERROR 48840 --- [demo] [main] com.example.demo.LombokTestApplication   : error...
2024-11-25T15:24:32.067+09:00 DEBUG 48840 --- [demo] [main] com.example.demo.LombokTestApplication   : debug...
2024-11-25T15:24:32.067+09:00  INFO 48840 --- [demo] [main] com.example.demo.LombokTestApplication   : info... product = Product(name=김치냉장고, description=null, price=10000000)
2024-11-25T15:24:32.067+09:00  WARN 48840 --- [demo] [main] com.example.demo.LombokTestApplication   : warn...
2024-11-25T15:24:32.067+09:00 ERROR 48840 --- [demo] [main] com.example.demo.LombokTestApplication   : error...
2024-11-25T15:24:32.067+09:00 DEBUG 48840 --- [demo] [main] com.example.demo.LombokTestApplication   : debug...
2024-11-25T15:24:32.067+09:00  INFO 48840 --- [demo] [main] com.example.demo.LombokTestApplication   : info... product = Product(name=김치냉장고, description=null, price=10000000)
2024-11-25T15:24:32.068+09:00  WARN 48840 --- [demo] [main] com.example.demo.LombokTestApplication   : warn...
2024-11-25T15:24:32.068+09:00 ERROR 48840 --- [demo] [main] com.example.demo.LombokTestApplication   : error...
2024-11-25T15:24:32.068+09:00 DEBUG 48840 --- [demo] [main] com.example.demo.LombokTestApplication   : debug...
2024-11-25T15:24:32.068+09:00  INFO 48840 --- [demo] [main] com.example.demo.LombokTestApplication   : info... product = Product(name=김치냉장고, description=null, price=10000000)
2024-11-25T15:24:32.068+09:00  WARN 48840 --- [demo] [main] com.example.demo.LombokTestApplication   : warn...
2024-11-25T15:24:32.068+09:00 ERROR 48840 --- [demo] [main] com.example.demo.LombokTestApplication   : error...
2024-11-25T15:24:32.068+09:00 DEBUG 48840 --- [demo] [main] com.example.demo.LombokTestApplication   : debug...
2024-11-25T15:24:32.068+09:00  INFO 48840 --- [demo] [main] com.example.demo.LombokTestApplication   : info... product = Product(name=김치냉장고, description=null, price=10000000)
2024-11-25T15:24:32.068+09:00  WARN 48840 --- [demo] [main] com.example.demo.LombokTestApplication   : warn...
2024-11-25T15:24:32.068+09:00 ERROR 48840 --- [demo] [main] com.example.demo.LombokTestApplication   : error...
2024-11-25T15:24:32.068+09:00 DEBUG 48840 --- [demo] [main] com.example.demo.LombokTestApplication   : debug...
2024-11-25T15:24:32.068+09:00  INFO 48840 --- [demo] [main] com.example.demo.LombokTestApplication   : info... product = Product(name=김치냉장고, description=null, price=10000000)
2024-11-25T15:24:32.068+09:00  WARN 48840 --- [demo] [main] com.example.demo.LombokTestApplication   : warn...
2024-11-25T15:24:32.068+09:00 ERROR 48840 --- [demo] [main] com.example.demo.LombokTestApplication   : error...
2024-11-25T15:24:32.068+09:00 DEBUG 48840 --- [demo] [main] com.example.demo.LombokTestApplication   : debug...
2024-11-25T15:24:32.068+09:00  INFO 48840 --- [demo] [main] com.example.demo.LombokTestApplication   : info... product = Product(name=김치냉장고, description=null, price=10000000)
2024-11-25T15:24:32.069+09:00  WARN 48840 --- [demo] [main] com.example.demo.LombokTestApplication   : warn...
2024-11-25T15:24:32.069+09:00 ERROR 48840 --- [demo] [main] com.example.demo.LombokTestApplication   : error...
2024-11-25T15:24:32.069+09:00 DEBUG 48840 --- [demo] [main] com.example.demo.LombokTestApplication   : debug...
2024-11-25T15:24:32.069+09:00  INFO 48840 --- [demo] [main] com.example.demo.LombokTestApplication   : info... product = Product(name=김치냉장고, description=null, price=10000000)
2024-11-25T15:24:32.069+09:00  WARN 48840 --- [demo] [main] com.example.demo.LombokTestApplication   : warn...
2024-11-25T15:24:32.069+09:00 ERROR 48840 --- [demo] [main] com.example.demo.LombokTestApplication   : error...
2024-11-25T15:24:32.069+09:00 DEBUG 48840 --- [demo] [main] com.example.demo.LombokTestApplication   : debug...
2024-11-25T15:24:32.069+09:00  INFO 48840 --- [demo] [main] com.example.demo.LombokTestApplication   : info... product = Product(name=김치냉장고, description=null, price=10000000)
2024-11-25T15:24:32.069+09:00  WARN 48840 --- [demo] [main] com.example.demo.LombokTestApplication   : warn...
2024-11-25T15:24:32.069+09:00 ERROR 48840 --- [demo] [main] com.example.demo.LombokTestApplication   : error...
2024-11-25T15:24:32.069+09:00 DEBUG 48840 --- [demo] [main] com.example.demo.LombokTestApplication   : debug...
2024-11-25T15:24:32.069+09:00  INFO 48840 --- [demo] [main] com.example.demo.LombokTestApplication   : info... product = Product(name=김치냉장고, description=null, price=10000000)
2024-11-25T15:24:32.069+09:00  WARN 48840 --- [demo] [main] com.example.demo.LombokTestApplication   : warn...
2024-11-25T15:24:32.069+09:00 ERROR 48840 --- [demo] [main] com.example.demo.LombokTestApplication   : error...
2024-11-25T15:24:32.069+09:00 DEBUG 48840 --- [demo] [main] com.example.demo.LombokTestApplication   : debug...
2024-11-25T15:24:32.069+09:00  INFO 48840 --- [demo] [main] com.example.demo.LombokTestApplication   : info... product = Product(name=김치냉장고, description=null, price=10000000)
2024-11-25T15:24:32.069+09:00  WARN 48840 --- [demo] [main] com.example.demo.LombokTestApplication   : warn...
2024-11-25T15:24:32.069+09:00 ERROR 48840 --- [demo] [main] com.example.demo.LombokTestApplication   : error...
2024-11-25T15:24:32.069+09:00 DEBUG 48840 --- [demo] [main] com.example.demo.LombokTestApplication   : debug...
2024-11-25T15:24:32.069+09:00  INFO 48840 --- [demo] [main] com.example.demo.LombokTestApplication   : info... product = Product(name=김치냉장고, description=null, price=10000000)
2024-11-25T15:24:32.069+09:00  WARN 48840 --- [demo] [main] com.example.demo.LombokTestApplication   : warn...
2024-11-25T15:24:32.069+09:00 ERROR 48840 --- [demo] [main] com.example.demo.LombokTestApplication   : error...
2024-11-25T15:24:32.069+09:00 DEBUG 48840 --- [demo] [main] com.example.demo.LombokTestApplication   : debug...
2024-11-25T15:24:32.069+09:00  INFO 48840 --- [demo] [main] com.example.demo.LombokTestApplication   : info... product = Product(name=김치냉장고, description=null, price=10000000)
2024-11-25T15:24:32.069+09:00  WARN 48840 --- [demo] [main] com.example.demo.LombokTestApplication   : warn...
2024-11-25T15:24:32.069+09:00 ERROR 48840 --- [demo] [main] com.example.demo.LombokTestApplication   : error...
2024-11-25T15:24:32.069+09:00 DEBUG 48840 --- [demo] [main] com.example.demo.LombokTestApplication   : debug...
2024-11-25T15:24:32.069+09:00  INFO 48840 --- [demo] [main] com.example.demo.LombokTestApplication   : info... product = Product(name=김치냉장고, description=null, price=10000000)
2024-11-25T15:24:32.069+09:00  WARN 48840 --- [demo] [main] com.example.demo.LombokTestApplication   : warn...
2024-11-25T15:24:32.069+09:00 ERROR 48840 --- [demo] [main] com.example.demo.LombokTestApplication   : error...
2024-11-25T15:24:32.070+09:00 DEBUG 48840 --- [demo] [main] com.example.demo.LombokTestApplication   : debug...
2024-11-25T15:24:32.070+09:00  INFO 48840 --- [demo] [main] com.example.demo.LombokTestApplication   : info... product = Product(name=김치냉장고, description=null, price=10000000)
2024-11-25T15:24:32.070+09:00  WARN 48840 --- [demo] [main] com.example.demo.LombokTestApplication   : warn...
2024-11-25T15:24:32.070+09:00 ERROR 48840 --- [demo] [main] com.example.demo.LombokTestApplication   : error...
2024-11-25T15:24:32.070+09:00 DEBUG 48840 --- [demo] [main] com.example.demo.LombokTestApplication   : debug...
2024-11-25T15:24:32.070+09:00  INFO 48840 --- [demo] [main] com.example.demo.LombokTestApplication   : info... product = Product(name=김치냉장고, description=null, price=10000000)
2024-11-25T15:24:32.070+09:00  WARN 48840 --- [demo] [main] com.example.demo.LombokTestApplication   : warn...
2024-11-25T15:24:32.070+09:00 ERROR 48840 --- [demo] [main] com.example.demo.LombokTestApplication   : error...
2024-11-25T15:24:32.070+09:00 DEBUG 48840 --- [demo] [main] com.example.demo.LombokTestApplication   : debug...
2024-11-25T15:24:32.070+09:00  INFO 48840 --- [demo] [main] com.example.demo.LombokTestApplication   : info... product = Product(name=김치냉장고, description=null, price=10000000)
2024-11-25T15:24:32.070+09:00  WARN 48840 --- [demo] [main] com.example.demo.LombokTestApplication   : warn...
2024-11-25T15:24:32.070+09:00 ERROR 48840 --- [demo] [main] com.example.demo.LombokTestApplication   : error...
2024-11-25T15:24:32.070+09:00 DEBUG 48840 --- [demo] [main] com.example.demo.LombokTestApplication   : debug...
2024-11-25T15:24:32.070+09:00  INFO 48840 --- [demo] [main] com.example.demo.LombokTestApplication   : info... product = Product(name=김치냉장고, description=null, price=10000000)
2024-11-25T15:24:32.070+09:00  WARN 48840 --- [demo] [main] com.example.demo.LombokTestApplication   : warn...
2024-11-25T15:24:32.070+09:00 ERROR 48840 --- [demo] [main] com.example.demo.LombokTestApplication   : error...
2024-11-25T15:24:32.070+09:00 DEBUG 48840 --- [demo] [main] com.example.demo.LombokTestApplication   : debug...
2024-11-25T15:24:32.070+09:00  INFO 48840 --- [demo] [main] com.example.demo.LombokTestApplication   : info... product = Product(name=김치냉장고, description=null, price=10000000)
2024-11-25T15:24:32.070+09:00  WARN 48840 --- [demo] [main] com.example.demo.LombokTestApplication   : warn...
2024-11-25T15:24:32.070+09:00 ERROR 48840 --- [demo] [main] com.example.demo.LombokTestApplication   : error...
2024-11-25T15:24:32.070+09:00 DEBUG 48840 --- [demo] [main] com.example.demo.LombokTestApplication   : debug...
2024-11-25T15:24:32.070+09:00  INFO 48840 --- [demo] [main] com.example.demo.LombokTestApplication   : info... product = Product(name=김치냉장고, description=null, price=10000000)
2024-11-25T15:24:32.070+09:00  WARN 48840 --- [demo] [main] com.example.demo.LombokTestApplication   : warn...
2024-11-25T15:24:32.070+09:00 ERROR 48840 --- [demo] [main] com.example.demo.LombokTestApplication   : error...
2024-11-25T15:24:32.070+09:00 DEBUG 48840 --- [demo] [main] com.example.demo.LombokTestApplication   : debug...
2024-11-25T15:24:32.070+09:00  INFO 48840 --- [demo] [main] com.example.demo.LombokTestApplication   : info... product = Product(name=김치냉장고, description=null, price=10000000)
2024-11-25T15:24:32.071+09:00  WARN 48840 --- [demo] [main] com.example.demo.LombokTestApplication   : warn...
2024-11-25T15:24:32.071+09:00 ERROR 48840 --- [demo] [main] com.example.demo.LombokTestApplication   : error...
2024-11-25T15:24:32.071+09:00 DEBUG 48840 --- [demo] [main] com.example.demo.LombokTestApplication   : debug...
2024-11-25T15:24:32.071+09:00  INFO 48840 --- [demo] [main] com.example.demo.LombokTestApplication   : info... product = Product(name=김치냉장고, description=null, price=10000000)
2024-11-25T15:24:32.071+09:00  WARN 48840 --- [demo] [main] com.example.demo.LombokTestApplication   : warn...
2024-11-25T15:24:32.071+09:00 ERROR 48840 --- [demo] [main] com.example.demo.LombokTestApplication   : error...
2024-11-25T15:24:32.071+09:00 DEBUG 48840 --- [demo] [main] com.example.demo.LombokTestApplication   : debug...
2024-11-25T15:24:32.071+09:00  INFO 48840 --- [demo] [main] com.example.demo.LombokTestApplication   : info... product = Product(name=김치냉장고, description=null, price=10000000)
2024-11-25T15:24:32.071+09:00  WARN 48840 --- [demo] [main] com.example.demo.LombokTestApplication   : warn...
2024-11-25T15:24:32.071+09:00 ERROR 48840 --- [demo] [main] com.example.demo.LombokTestApplication   : error...
2024-11-25T15:24:32.071+09:00 DEBUG 48840 --- [demo] [main] com.example.demo.LombokTestApplication   : debug...
2024-11-25T15:24:32.071+09:00  INFO 48840 --- [demo] [main] com.example.demo.LombokTestApplication   : info... product = Product(name=김치냉장고, description=null, price=10000000)
2024-11-25T15:24:32.071+09:00  WARN 48840 --- [demo] [main] com.example.demo.LombokTestApplication   : warn...
2024-11-25T15:24:32.071+09:00 ERROR 48840 --- [demo] [main] com.example.demo.LombokTestApplication   : error...
2024-11-25T15:24:32.071+09:00 DEBUG 48840 --- [demo] [main] com.example.demo.LombokTestApplication   : debug...
2024-11-25T15:24:32.071+09:00  INFO 48840 --- [demo] [main] com.example.demo.LombokTestApplication   : info... product = Product(name=김치냉장고, description=null, price=10000000)
2024-11-25T15:24:32.071+09:00  WARN 48840 --- [demo] [main] com.example.demo.LombokTestApplication   : warn...
2024-11-25T15:24:32.071+09:00 ERROR 48840 --- [demo] [main] com.example.demo.LombokTestApplication   : error...
2024-11-25T15:24:32.071+09:00 DEBUG 48840 --- [demo] [main] com.example.demo.LombokTestApplication   : debug...
2024-11-25T15:24:32.071+09:00  INFO 48840 --- [demo] [main] com.example.demo.LombokTestApplication   : info... product = Product(name=김치냉장고, description=null, price=10000000)
2024-11-25T15:24:32.071+09:00  WARN 48840 --- [demo] [main] com.example.demo.LombokTestApplication   : warn...
2024-11-25T15:24:32.071+09:00 ERROR 48840 --- [demo] [main] com.example.demo.LombokTestApplication   : error...
2024-11-25T15:24:32.071+09:00 DEBUG 48840 --- [demo] [main] com.example.demo.LombokTestApplication   : debug...
2024-11-25T15:24:32.071+09:00  INFO 48840 --- [demo] [main] com.example.demo.LombokTestApplication   : info... product = Product(name=김치냉장고, description=null, price=10000000)
2024-11-25T15:24:32.071+09:00  WARN 48840 --- [demo] [main] com.example.demo.LombokTestApplication   : warn...
2024-11-25T15:24:32.071+09:00 ERROR 48840 --- [demo] [main] com.example.demo.LombokTestApplication   : error...
2024-11-25T15:24:32.071+09:00 DEBUG 48840 --- [demo] [main] com.example.demo.LombokTestApplication   : debug...
2024-11-25T15:24:32.071+09:00  INFO 48840 --- [demo] [main] com.example.demo.LombokTestApplication   : info... product = Product(name=김치냉장고, description=null, price=10000000)
2024-11-25T15:24:32.071+09:00  WARN 48840 --- [demo] [main] com.example.demo.LombokTestApplication   : warn...
2024-11-25T15:24:32.071+09:00 ERROR 48840 --- [demo] [main] com.example.demo.LombokTestApplication   : error...
2024-11-25T15:24:32.071+09:00 DEBUG 48840 --- [demo] [main] com.example.demo.LombokTestApplication   : debug...
2024-11-25T15:24:32.071+09:00  INFO 48840 --- [demo] [main] com.example.demo.LombokTestApplication   : info... product = Product(name=김치냉장고, description=null, price=10000000)
2024-11-25T15:24:32.071+09:00  WARN 48840 --- [demo] [main] com.example.demo.LombokTestApplication   : warn...
2024-11-25T15:24:32.071+09:00 ERROR 48840 --- [demo] [main] com.example.demo.LombokTestApplication   : error...
2024-11-25T15:24:32.071+09:00 DEBUG 48840 --- [demo] [main] com.example.demo.LombokTestApplication   : debug...
2024-11-25T15:24:32.071+09:00  INFO 48840 --- [demo] [main] com.example.demo.LombokTestApplication   : info... product = Product(name=김치냉장고, description=null, price=10000000)
2024-11-25T15:24:32.071+09:00  WARN 48840 --- [demo] [main] com.example.demo.LombokTestApplication   : warn...
2024-11-25T15:24:32.071+09:00 ERROR 48840 --- [demo] [main] com.example.demo.LombokTestApplication   : error...
2024-11-25T15:24:32.071+09:00 DEBUG 48840 --- [demo] [main] com.example.demo.LombokTestApplication   : debug...
2024-11-25T15:24:32.071+09:00  INFO 48840 --- [demo] [main] com.example.demo.LombokTestApplication   : info... product = Product(name=김치냉장고, description=null, price=10000000)
2024-11-25T15:24:32.071+09:00  WARN 48840 --- [demo] [main] com.example.demo.LombokTestApplication   : warn...
2024-11-25T15:24:32.071+09:00 ERROR 48840 --- [demo] [main] com.example.demo.LombokTestApplication   : error...
2024-11-25T15:24:32.071+09:00 DEBUG 48840 --- [demo] [main] com.example.demo.LombokTestApplication   : debug...
2024-11-25T15:24:32.072+09:00  INFO 48840 --- [demo] [main] com.example.demo.LombokTestApplication   : info... product = Product(name=김치냉장고, description=null, price=10000000)
2024-11-25T15:24:32.072+09:00  WARN 48840 --- [demo] [main] com.example.demo.LombokTestApplication   : warn...
2024-11-25T15:24:32.072+09:00 ERROR 48840 --- [demo] [main] com.example.demo.LombokTestApplication   : error...
2024-11-25T15:24:32.072+09:00 DEBUG 48840 --- [demo] [main] com.example.demo.LombokTestApplication   : debug...
2024-11-25T15:24:32.072+09:00  INFO 48840 --- [demo] [main] com.example.demo.LombokTestApplication   : info... product = Product(name=김치냉장고, description=null, price=10000000)
2024-11-25T15:24:32.072+09:00  WARN 48840 --- [demo] [main] com.example.demo.LombokTestApplication   : warn...
2024-11-25T15:24:32.072+09:00 ERROR 48840 --- [demo] [main] com.example.demo.LombokTestApplication   : error...
2024-11-25T15:24:32.072+09:00 DEBUG 48840 --- [demo] [main] com.example.demo.LombokTestApplication   : debug...
2024-11-25T15:24:32.072+09:00  INFO 48840 --- [demo] [main] com.example.demo.LombokTestApplication   : info... product = Product(name=김치냉장고, description=null, price=10000000)
2024-11-25T15:24:32.072+09:00  WARN 48840 --- [demo] [main] com.example.demo.LombokTestApplication   : warn...
2024-11-25T15:24:32.072+09:00 ERROR 48840 --- [demo] [main] com.example.demo.LombokTestApplication   : error...
2024-11-25T15:24:32.072+09:00 DEBUG 48840 --- [demo] [main] com.example.demo.LombokTestApplication   : debug...
2024-11-25T15:24:32.072+09:00  INFO 48840 --- [demo] [main] com.example.demo.LombokTestApplication   : info... product = Product(name=김치냉장고, description=null, price=10000000)
2024-11-25T15:24:32.072+09:00  WARN 48840 --- [demo] [main] com.example.demo.LombokTestApplication   : warn...
2024-11-25T15:24:32.072+09:00 ERROR 48840 --- [demo] [main] com.example.demo.LombokTestApplication   : error...
2024-11-25T15:24:32.072+09:00 DEBUG 48840 --- [demo] [main] com.example.demo.LombokTestApplication   : debug...
2024-11-25T15:24:32.072+09:00  INFO 48840 --- [demo] [main] com.example.demo.LombokTestApplication   : info... product = Product(name=김치냉장고, description=null, price=10000000)
2024-11-25T15:24:32.072+09:00  WARN 48840 --- [demo] [main] com.example.demo.LombokTestApplication   : warn...
2024-11-25T15:24:32.072+09:00 ERROR 48840 --- [demo] [main] com.example.demo.LombokTestApplication   : error...
2024-11-25T15:24:32.072+09:00 DEBUG 48840 --- [demo] [main] com.example.demo.LombokTestApplication   : debug...
2024-11-25T15:24:32.072+09:00  INFO 48840 --- [demo] [main] com.example.demo.LombokTestApplication   : info... product = Product(name=김치냉장고, description=null, price=10000000)
2024-11-25T15:24:32.072+09:00  WARN 48840 --- [demo] [main] com.example.demo.LombokTestApplication   : warn...
2024-11-25T15:24:32.072+09:00 ERROR 48840 --- [demo] [main] com.example.demo.LombokTestApplication   : error...
2024-11-25T15:24:32.072+09:00 DEBUG 48840 --- [demo] [main] com.example.demo.LombokTestApplication   : debug...
2024-11-25T15:24:32.072+09:00  INFO 48840 --- [demo] [main] com.example.demo.LombokTestApplication   : info... product = Product(name=김치냉장고, description=null, price=10000000)
2024-11-25T15:24:32.072+09:00  WARN 48840 --- [demo] [main] com.example.demo.LombokTestApplication   : warn...
2024-11-25T15:24:32.072+09:00 ERROR 48840 --- [demo] [main] com.example.demo.LombokTestApplication   : error...
2024-11-25T15:24:32.072+09:00 DEBUG 48840 --- [demo] [main] com.example.demo.LombokTestApplication   : debug...
2024-11-25T15:24:32.072+09:00  INFO 48840 --- [demo] [main] com.example.demo.LombokTestApplication   : info... product = Product(name=김치냉장고, description=null, price=10000000)
2024-11-25T15:24:32.072+09:00  WARN 48840 --- [demo] [main] com.example.demo.LombokTestApplication   : warn...
2024-11-25T15:24:32.072+09:00 ERROR 48840 --- [demo] [main] com.example.demo.LombokTestApplication   : error...
2024-11-25T15:24:32.073+09:00 DEBUG 48840 --- [demo] [main] com.example.demo.LombokTestApplication   : debug...
2024-11-25T15:24:32.073+09:00  INFO 48840 --- [demo] [main] com.example.demo.LombokTestApplication   : info... product = Product(name=김치냉장고, description=null, price=10000000)
2024-11-25T15:24:32.073+09:00  WARN 48840 --- [demo] [main] com.example.demo.LombokTestApplication   : warn...
2024-11-25T15:24:32.073+09:00 ERROR 48840 --- [demo] [main] com.example.demo.LombokTestApplication   : error...
2024-11-25T15:24:32.073+09:00 DEBUG 48840 --- [demo] [main] com.example.demo.LombokTestApplication   : debug...
2024-11-25T15:24:32.073+09:00  INFO 48840 --- [demo] [main] com.example.demo.LombokTestApplication   : info... product = Product(name=김치냉장고, description=null, price=10000000)
2024-11-25T15:24:32.073+09:00  WARN 48840 --- [demo] [main] com.example.demo.LombokTestApplication   : warn...
2024-11-25T15:24:32.073+09:00 ERROR 48840 --- [demo] [main] com.example.demo.LombokTestApplication   : error...
2024-11-25T15:24:32.073+09:00 DEBUG 48840 --- [demo] [main] com.example.demo.LombokTestApplication   : debug...
2024-11-25T15:24:32.073+09:00  INFO 48840 --- [demo] [main] com.example.demo.LombokTestApplication   : info... product = Product(name=김치냉장고, description=null, price=10000000)
2024-11-25T15:24:32.073+09:00  WARN 48840 --- [demo] [main] com.example.demo.LombokTestApplication   : warn...
2024-11-25T15:24:32.073+09:00 ERROR 48840 --- [demo] [main] com.example.demo.LombokTestApplication   : error...
2024-11-25T15:24:32.073+09:00 DEBUG 48840 --- [demo] [main] com.example.demo.LombokTestApplication   : debug...
2024-11-25T15:24:32.073+09:00  INFO 48840 --- [demo] [main] com.example.demo.LombokTestApplication   : info... product = Product(name=김치냉장고, description=null, price=10000000)
2024-11-25T15:24:32.073+09:00  WARN 48840 --- [demo] [main] com.example.demo.LombokTestApplication   : warn...
2024-11-25T15:24:32.073+09:00 ERROR 48840 --- [demo] [main] com.example.demo.LombokTestApplication   : error...
2024-11-25T15:24:32.073+09:00 DEBUG 48840 --- [demo] [main] com.example.demo.LombokTestApplication   : debug...
2024-11-25T15:24:32.073+09:00  INFO 48840 --- [demo] [main] com.example.demo.LombokTestApplication   : info... product = Product(name=김치냉장고, description=null, price=10000000)
2024-11-25T15:24:32.073+09:00  WARN 48840 --- [demo] [main] com.example.demo.LombokTestApplication   : warn...
2024-11-25T15:24:32.073+09:00 ERROR 48840 --- [demo] [main] com.example.demo.LombokTestApplication   : error...
2024-11-25T15:24:32.073+09:00 DEBUG 48840 --- [demo] [main] com.example.demo.LombokTestApplication   : debug...
2024-11-25T15:24:32.073+09:00  INFO 48840 --- [demo] [main] com.example.demo.LombokTestApplication   : info... product = Product(name=김치냉장고, description=null, price=10000000)
2024-11-25T15:24:32.073+09:00  WARN 48840 --- [demo] [main] com.example.demo.LombokTestApplication   : warn...
2024-11-25T15:24:32.073+09:00 ERROR 48840 --- [demo] [main] com.example.demo.LombokTestApplication   : error...
2024-11-25T15:24:32.073+09:00 DEBUG 48840 --- [demo] [main] com.example.demo.LombokTestApplication   : debug...
2024-11-25T15:24:32.073+09:00  INFO 48840 --- [demo] [main] com.example.demo.LombokTestApplication   : info... product = Product(name=김치냉장고, description=null, price=10000000)
2024-11-25T15:24:32.073+09:00  WARN 48840 --- [demo] [main] com.example.demo.LombokTestApplication   : warn...
2024-11-25T15:24:32.073+09:00 ERROR 48840 --- [demo] [main] com.example.demo.LombokTestApplication   : error...
2024-11-25T15:24:32.073+09:00 DEBUG 48840 --- [demo] [main] com.example.demo.LombokTestApplication   : debug...
2024-11-25T15:24:32.073+09:00  INFO 48840 --- [demo] [main] com.example.demo.LombokTestApplication   : info... product = Product(name=김치냉장고, description=null, price=10000000)
2024-11-25T15:24:32.073+09:00  WARN 48840 --- [demo] [main] com.example.demo.LombokTestApplication   : warn...
2024-11-25T15:24:32.073+09:00 ERROR 48840 --- [demo] [main] com.example.demo.LombokTestApplication   : error...
2024-11-25T15:24:32.073+09:00 DEBUG 48840 --- [demo] [main] com.example.demo.LombokTestApplication   : debug...
2024-11-25T15:24:32.073+09:00  INFO 48840 --- [demo] [main] com.example.demo.LombokTestApplication   : info... product = Product(name=김치냉장고, description=null, price=10000000)
2024-11-25T15:24:32.073+09:00  WARN 48840 --- [demo] [main] com.example.demo.LombokTestApplication   : warn...
2024-11-25T15:24:32.073+09:00 ERROR 48840 --- [demo] [main] com.example.demo.LombokTestApplication   : error...
2024-11-25T15:24:32.073+09:00 DEBUG 48840 --- [demo] [main] com.example.demo.LombokTestApplication   : debug...
2024-11-25T15:24:32.073+09:00  INFO 48840 --- [demo] [main] com.example.demo.LombokTestApplication   : info... product = Product(name=김치냉장고, description=null, price=10000000)
2024-11-25T15:24:32.073+09:00  WARN 48840 --- [demo] [main] com.example.demo.LombokTestApplication   : warn...
2024-11-25T15:24:32.073+09:00 ERROR 48840 --- [demo] [main] com.example.demo.LombokTestApplication   : error...
2024-11-25T15:24:32.073+09:00 DEBUG 48840 --- [demo] [main] com.example.demo.LombokTestApplication   : debug...
2024-11-25T15:24:32.073+09:00  INFO 48840 --- [demo] [main] com.example.demo.LombokTestApplication   : info... product = Product(name=김치냉장고, description=null, price=10000000)
2024-11-25T15:24:32.074+09:00  WARN 48840 --- [demo] [main] com.example.demo.LombokTestApplication   : warn...
2024-11-25T15:24:32.074+09:00 ERROR 48840 --- [demo] [main] com.example.demo.LombokTestApplication   : error...
2024-11-25T15:24:32.074+09:00 DEBUG 48840 --- [demo] [main] com.example.demo.LombokTestApplication   : debug...
2024-11-25T15:24:32.074+09:00  INFO 48840 --- [demo] [main] com.example.demo.LombokTestApplication   : info... product = Product(name=김치냉장고, description=null, price=10000000)
2024-11-25T15:24:32.074+09:00  WARN 48840 --- [demo] [main] com.example.demo.LombokTestApplication   : warn...
2024-11-25T15:24:32.074+09:00 ERROR 48840 --- [demo] [main] com.example.demo.LombokTestApplication   : error...
2024-11-25T15:24:32.074+09:00 DEBUG 48840 --- [demo] [main] com.example.demo.LombokTestApplication   : debug...
2024-11-25T15:24:32.074+09:00  INFO 48840 --- [demo] [main] com.example.demo.LombokTestApplication   : info... product = Product(name=김치냉장고, description=null, price=10000000)
2024-11-25T15:24:32.074+09:00  WARN 48840 --- [demo] [main] com.example.demo.LombokTestApplication   : warn...
2024-11-25T15:24:32.074+09:00 ERROR 48840 --- [demo] [main] com.example.demo.LombokTestApplication   : error...
2024-11-25T15:24:32.074+09:00 DEBUG 48840 --- [demo] [main] com.example.demo.LombokTestApplication   : debug...
2024-11-25T15:24:32.074+09:00  INFO 48840 --- [demo] [main] com.example.demo.LombokTestApplication   : info... product = Product(name=김치냉장고, description=null, price=10000000)
2024-11-25T15:24:32.074+09:00  WARN 48840 --- [demo] [main] com.example.demo.LombokTestApplication   : warn...
2024-11-25T15:24:32.074+09:00 ERROR 48840 --- [demo] [main] com.example.demo.LombokTestApplication   : error...
2024-11-25T15:24:32.074+09:00 DEBUG 48840 --- [demo] [main] com.example.demo.LombokTestApplication   : debug...
2024-11-25T15:24:32.074+09:00  INFO 48840 --- [demo] [main] com.example.demo.LombokTestApplication   : info... product = Product(name=김치냉장고, description=null, price=10000000)
2024-11-25T15:24:32.074+09:00  WARN 48840 --- [demo] [main] com.example.demo.LombokTestApplication   : warn...
2024-11-25T15:24:32.074+09:00 ERROR 48840 --- [demo] [main] com.example.demo.LombokTestApplication   : error...
2024-11-25T15:24:32.074+09:00 DEBUG 48840 --- [demo] [main] com.example.demo.LombokTestApplication   : debug...
2024-11-25T15:24:32.074+09:00  INFO 48840 --- [demo] [main] com.example.demo.LombokTestApplication   : info... product = Product(name=김치냉장고, description=null, price=10000000)
2024-11-25T15:24:32.074+09:00  WARN 48840 --- [demo] [main] com.example.demo.LombokTestApplication   : warn...
2024-11-25T15:24:32.074+09:00 ERROR 48840 --- [demo] [main] com.example.demo.LombokTestApplication   : error...
2024-11-25T15:24:32.074+09:00 DEBUG 48840 --- [demo] [main] com.example.demo.LombokTestApplication   : debug...
2024-11-25T15:24:32.074+09:00  INFO 48840 --- [demo] [main] com.example.demo.LombokTestApplication   : info... product = Product(name=김치냉장고, description=null, price=10000000)
2024-11-25T15:24:32.074+09:00  WARN 48840 --- [demo] [main] com.example.demo.LombokTestApplication   : warn...
2024-11-25T15:24:32.074+09:00 ERROR 48840 --- [demo] [main] com.example.demo.LombokTestApplication   : error...
2024-11-25T15:24:32.074+09:00 DEBUG 48840 --- [demo] [main] com.example.demo.LombokTestApplication   : debug...
2024-11-25T15:24:32.074+09:00  INFO 48840 --- [demo] [main] com.example.demo.LombokTestApplication   : info... product = Product(name=김치냉장고, description=null, price=10000000)
2024-11-25T15:24:32.074+09:00  WARN 48840 --- [demo] [main] com.example.demo.LombokTestApplication   : warn...
2024-11-25T15:24:32.074+09:00 ERROR 48840 --- [demo] [main] com.example.demo.LombokTestApplication   : error...
2024-11-25T15:24:32.074+09:00 DEBUG 48840 --- [demo] [main] com.example.demo.LombokTestApplication   : debug...
2024-11-25T15:24:32.074+09:00  INFO 48840 --- [demo] [main] com.example.demo.LombokTestApplication   : info... product = Product(name=김치냉장고, description=null, price=10000000)
2024-11-25T15:24:32.074+09:00  WARN 48840 --- [demo] [main] com.example.demo.LombokTestApplication   : warn...
2024-11-25T15:24:32.074+09:00 ERROR 48840 --- [demo] [main] com.example.demo.LombokTestApplication   : error...
2024-11-25T15:24:32.074+09:00 DEBUG 48840 --- [demo] [main] com.example.demo.LombokTestApplication   : debug...
2024-11-25T15:24:32.074+09:00  INFO 48840 --- [demo] [main] com.example.demo.LombokTestApplication   : info... product = Product(name=김치냉장고, description=null, price=10000000)
2024-11-25T15:24:32.074+09:00  WARN 48840 --- [demo] [main] com.example.demo.LombokTestApplication   : warn...
2024-11-25T15:24:32.074+09:00 ERROR 48840 --- [demo] [main] com.example.demo.LombokTestApplication   : error...
2024-11-25T15:24:32.074+09:00 DEBUG 48840 --- [demo] [main] com.example.demo.LombokTestApplication   : debug...
2024-11-25T15:24:32.074+09:00  INFO 48840 --- [demo] [main] com.example.demo.LombokTestApplication   : info... product = Product(name=김치냉장고, description=null, price=10000000)
2024-11-25T15:24:32.074+09:00  WARN 48840 --- [demo] [main] com.example.demo.LombokTestApplication   : warn...
2024-11-25T15:24:32.074+09:00 ERROR 48840 --- [demo] [main] com.example.demo.LombokTestApplication   : error...
2024-11-25T15:24:32.074+09:00 DEBUG 48840 --- [demo] [main] com.example.demo.LombokTestApplication   : debug...
2024-11-25T15:24:32.074+09:00  INFO 48840 --- [demo] [main] com.example.demo.LombokTestApplication   : info... product = Product(name=김치냉장고, description=null, price=10000000)
2024-11-25T15:24:32.074+09:00  WARN 48840 --- [demo] [main] com.example.demo.LombokTestApplication   : warn...
2024-11-25T15:24:32.074+09:00 ERROR 48840 --- [demo] [main] com.example.demo.LombokTestApplication   : error...
2024-11-25T15:24:32.074+09:00 DEBUG 48840 --- [demo] [main] com.example.demo.LombokTestApplication   : debug...
2024-11-25T15:24:32.074+09:00  INFO 48840 --- [demo] [main] com.example.demo.LombokTestApplication   : info... product = Product(name=김치냉장고, description=null, price=10000000)
2024-11-25T15:24:32.074+09:00  WARN 48840 --- [demo] [main] com.example.demo.LombokTestApplication   : warn...
2024-11-25T15:24:32.074+09:00 ERROR 48840 --- [demo] [main] com.example.demo.LombokTestApplication   : error...
2024-11-25T15:24:32.074+09:00 DEBUG 48840 --- [demo] [main] com.example.demo.LombokTestApplication   : debug...
2024-11-25T15:24:32.074+09:00  INFO 48840 --- [demo] [main] com.example.demo.LombokTestApplication   : info... product = Product(name=김치냉장고, description=null, price=10000000)
2024-11-25T15:24:32.075+09:00  WARN 48840 --- [demo] [main] com.example.demo.LombokTestApplication   : warn...
2024-11-25T15:24:32.075+09:00 ERROR 48840 --- [demo] [main] com.example.demo.LombokTestApplication   : error...
2024-11-25T15:24:32.075+09:00 DEBUG 48840 --- [demo] [main] com.example.demo.LombokTestApplication   : debug...
2024-11-25T15:24:32.075+09:00  INFO 48840 --- [demo] [main] com.example.demo.LombokTestApplication   : info... product = Product(name=김치냉장고, description=null, price=10000000)
2024-11-25T15:24:32.075+09:00  WARN 48840 --- [demo] [main] com.example.demo.LombokTestApplication   : warn...
2024-11-25T15:24:32.075+09:00 ERROR 48840 --- [demo] [main] com.example.demo.LombokTestApplication   : error...
2024-11-25T15:24:32.075+09:00 DEBUG 48840 --- [demo] [main] com.example.demo.LombokTestApplication   : debug...
2024-11-25T15:24:32.075+09:00  INFO 48840 --- [demo] [main] com.example.demo.LombokTestApplication   : info... product = Product(name=김치냉장고, description=null, price=10000000)
2024-11-25T15:24:32.075+09:00  WARN 48840 --- [demo] [main] com.example.demo.LombokTestApplication   : warn...
2024-11-25T15:24:32.075+09:00 ERROR 48840 --- [demo] [main] com.example.demo.LombokTestApplication   : error...
2024-11-25T15:24:32.075+09:00 DEBUG 48840 --- [demo] [main] com.example.demo.LombokTestApplication   : debug...
2024-11-25T15:24:32.075+09:00  INFO 48840 --- [demo] [main] com.example.demo.LombokTestApplication   : info... product = Product(name=김치냉장고, description=null, price=10000000)
2024-11-25T15:24:32.075+09:00  WARN 48840 --- [demo] [main] com.example.demo.LombokTestApplication   : warn...
2024-11-25T15:24:32.075+09:00 ERROR 48840 --- [demo] [main] com.example.demo.LombokTestApplication   : error...
2024-11-25T15:24:32.075+09:00 DEBUG 48840 --- [demo] [main] com.example.demo.LombokTestApplication   : debug...
2024-11-25T15:24:32.075+09:00  INFO 48840 --- [demo] [main] com.example.demo.LombokTestApplication   : info... product = Product(name=김치냉장고, description=null, price=10000000)
2024-11-25T15:24:32.075+09:00  WARN 48840 --- [demo] [main] com.example.demo.LombokTestApplication   : warn...
2024-11-25T15:24:32.075+09:00 ERROR 48840 --- [demo] [main] com.example.demo.LombokTestApplication   : error...
2024-11-25T15:24:32.075+09:00 DEBUG 48840 --- [demo] [main] com.example.demo.LombokTestApplication   : debug...
2024-11-25T15:24:32.075+09:00  INFO 48840 --- [demo] [main] com.example.demo.LombokTestApplication   : info... product = Product(name=김치냉장고, description=null, price=10000000)
2024-11-25T15:24:32.075+09:00  WARN 48840 --- [demo] [main] com.example.demo.LombokTestApplication   : warn...
2024-11-25T15:24:32.075+09:00 ERROR 48840 --- [demo] [main] com.example.demo.LombokTestApplication   : error...
2024-11-25T15:24:32.075+09:00 DEBUG 48840 --- [demo] [main] com.example.demo.LombokTestApplication   : debug...
2024-11-25T15:24:32.075+09:00  INFO 48840 --- [demo] [main] com.example.demo.LombokTestApplication   : info... product = Product(name=김치냉장고, description=null, price=10000000)
2024-11-25T15:24:32.075+09:00  WARN 48840 --- [demo] [main] com.example.demo.LombokTestApplication   : warn...
2024-11-25T15:24:32.075+09:00 ERROR 48840 --- [demo] [main] com.example.demo.LombokTestApplication   : error...
2024-11-25T15:24:32.075+09:00 DEBUG 48840 --- [demo] [main] com.example.demo.LombokTestApplication   : debug...
2024-11-25T15:24:32.075+09:00  INFO 48840 --- [demo] [main] com.example.demo.LombokTestApplication   : info... product = Product(name=김치냉장고, description=null, price=10000000)
2024-11-25T15:24:32.075+09:00  WARN 48840 --- [demo] [main] com.example.demo.LombokTestApplication   : warn...
2024-11-25T15:24:32.075+09:00 ERROR 48840 --- [demo] [main] com.example.demo.LombokTestApplication   : error...
2024-11-25T15:24:32.075+09:00 DEBUG 48840 --- [demo] [main] com.example.demo.LombokTestApplication   : debug...
2024-11-25T15:24:32.075+09:00  INFO 48840 --- [demo] [main] com.example.demo.LombokTestApplication   : info... product = Product(name=김치냉장고, description=null, price=10000000)
2024-11-25T15:24:32.075+09:00  WARN 48840 --- [demo] [main] com.example.demo.LombokTestApplication   : warn...
2024-11-25T15:24:32.075+09:00 ERROR 48840 --- [demo] [main] com.example.demo.LombokTestApplication   : error...
2024-11-25T15:24:32.075+09:00 DEBUG 48840 --- [demo] [main] com.example.demo.LombokTestApplication   : debug...
2024-11-25T15:24:32.075+09:00  INFO 48840 --- [demo] [main] com.example.demo.LombokTestApplication   : info... product = Product(name=김치냉장고, description=null, price=10000000)
2024-11-25T15:24:32.075+09:00  WARN 48840 --- [demo] [main] com.example.demo.LombokTestApplication   : warn...
2024-11-25T15:24:32.075+09:00 ERROR 48840 --- [demo] [main] com.example.demo.LombokTestApplication   : error...
2024-11-25T15:24:32.075+09:00 DEBUG 48840 --- [demo] [main] com.example.demo.LombokTestApplication   : debug...
2024-11-25T15:24:32.075+09:00  INFO 48840 --- [demo] [main] com.example.demo.LombokTestApplication   : info... product = Product(name=김치냉장고, description=null, price=10000000)
2024-11-25T15:24:32.075+09:00  WARN 48840 --- [demo] [main] com.example.demo.LombokTestApplication   : warn...
2024-11-25T15:24:32.075+09:00 ERROR 48840 --- [demo] [main] com.example.demo.LombokTestApplication   : error...
2024-11-25T15:24:32.075+09:00 DEBUG 48840 --- [demo] [main] com.example.demo.LombokTestApplication   : debug...
2024-11-25T15:24:32.075+09:00  INFO 48840 --- [demo] [main] com.example.demo.LombokTestApplication   : info... product = Product(name=김치냉장고, description=null, price=10000000)
2024-11-25T15:24:32.075+09:00  WARN 48840 --- [demo] [main] com.example.demo.LombokTestApplication   : warn...
2024-11-25T15:24:32.075+09:00 ERROR 48840 --- [demo] [main] com.example.demo.LombokTestApplication   : error...
2024-11-25T15:24:32.075+09:00 DEBUG 48840 --- [demo] [main] com.example.demo.LombokTestApplication   : debug...
2024-11-25T15:24:32.075+09:00  INFO 48840 --- [demo] [main] com.example.demo.LombokTestApplication   : info... product = Product(name=김치냉장고, description=null, price=10000000)
2024-11-25T15:24:32.075+09:00  WARN 48840 --- [demo] [main] com.example.demo.LombokTestApplication   : warn...
2024-11-25T15:24:32.075+09:00 ERROR 48840 --- [demo] [main] com.example.demo.LombokTestApplication   : error...
2024-11-25T15:24:32.075+09:00 DEBUG 48840 --- [demo] [main] com.example.demo.LombokTestApplication   : debug...
2024-11-25T15:24:32.075+09:00  INFO 48840 --- [demo] [main] com.example.demo.LombokTestApplication   : info... product = Product(name=김치냉장고, description=null, price=10000000)
2024-11-25T15:24:32.075+09:00  WARN 48840 --- [demo] [main] com.example.demo.LombokTestApplication   : warn...
2024-11-25T15:24:32.075+09:00 ERROR 48840 --- [demo] [main] com.example.demo.LombokTestApplication   : error...
2024-11-25T15:24:32.075+09:00 DEBUG 48840 --- [demo] [main] com.example.demo.LombokTestApplication   : debug...
2024-11-25T15:24:32.075+09:00  INFO 48840 --- [demo] [main] com.example.demo.LombokTestApplication   : info... product = Product(name=김치냉장고, description=null, price=10000000)
2024-11-25T15:24:32.075+09:00  WARN 48840 --- [demo] [main] com.example.demo.LombokTestApplication   : warn...
2024-11-25T15:24:32.075+09:00 ERROR 48840 --- [demo] [main] com.example.demo.LombokTestApplication   : error...
2024-11-25T15:24:32.075+09:00 DEBUG 48840 --- [demo] [main] com.example.demo.LombokTestApplication   : debug...
2024-11-25T15:24:32.075+09:00  INFO 48840 --- [demo] [main] com.example.demo.LombokTestApplication   : info... product = Product(name=김치냉장고, description=null, price=10000000)
2024-11-25T15:24:32.075+09:00  WARN 48840 --- [demo] [main] com.example.demo.LombokTestApplication   : warn...
2024-11-25T15:24:32.075+09:00 ERROR 48840 --- [demo] [main] com.example.demo.LombokTestApplication   : error...
2024-11-25T15:24:32.075+09:00 DEBUG 48840 --- [demo] [main] com.example.demo.LombokTestApplication   : debug...
2024-11-25T15:24:32.075+09:00  INFO 48840 --- [demo] [main] com.example.demo.LombokTestApplication   : info... product = Product(name=김치냉장고, description=null, price=10000000)
2024-11-25T15:24:32.075+09:00  WARN 48840 --- [demo] [main] com.example.demo.LombokTestApplication   : warn...
2024-11-25T15:24:32.076+09:00 ERROR 48840 --- [demo] [main] com.example.demo.LombokTestApplication   : error...
2024-11-25T15:24:32.076+09:00 DEBUG 48840 --- [demo] [main] com.example.demo.LombokTestApplication   : debug...
2024-11-25T15:24:32.076+09:00  INFO 48840 --- [demo] [main] com.example.demo.LombokTestApplication   : info... product = Product(name=김치냉장고, description=null, price=10000000)
2024-11-25T15:24:32.076+09:00  WARN 48840 --- [demo] [main] com.example.demo.LombokTestApplication   : warn...
2024-11-25T15:24:32.076+09:00 ERROR 48840 --- [demo] [main] com.example.demo.LombokTestApplication   : error...
2024-11-25T15:24:32.076+09:00 DEBUG 48840 --- [demo] [main] com.example.demo.LombokTestApplication   : debug...
2024-11-25T15:24:32.076+09:00  INFO 48840 --- [demo] [main] com.example.demo.LombokTestApplication   : info... product = Product(name=김치냉장고, description=null, price=10000000)
2024-11-25T15:24:32.076+09:00  WARN 48840 --- [demo] [main] com.example.demo.LombokTestApplication   : warn...
2024-11-25T15:24:32.076+09:00 ERROR 48840 --- [demo] [main] com.example.demo.LombokTestApplication   : error...
2024-11-25T15:24:32.076+09:00 DEBUG 48840 --- [demo] [main] com.example.demo.LombokTestApplication   : debug...
2024-11-25T15:24:32.076+09:00  INFO 48840 --- [demo] [main] com.example.demo.LombokTestApplication   : info... product = Product(name=김치냉장고, description=null, price=10000000)
2024-11-25T15:24:32.076+09:00  WARN 48840 --- [demo] [main] com.example.demo.LombokTestApplication   : warn...
2024-11-25T15:24:32.076+09:00 ERROR 48840 --- [demo] [main] com.example.demo.LombokTestApplication   : error...
2024-11-25T15:24:32.076+09:00 DEBUG 48840 --- [demo] [main] com.example.demo.LombokTestApplication   : debug...
2024-11-25T15:24:32.076+09:00  INFO 48840 --- [demo] [main] com.example.demo.LombokTestApplication   : info... product = Product(name=김치냉장고, description=null, price=10000000)
2024-11-25T15:24:32.076+09:00  WARN 48840 --- [demo] [main] com.example.demo.LombokTestApplication   : warn...
2024-11-25T15:24:32.076+09:00 ERROR 48840 --- [demo] [main] com.example.demo.LombokTestApplication   : error...
2024-11-25T15:24:32.076+09:00 DEBUG 48840 --- [demo] [main] com.example.demo.LombokTestApplication   : debug...
2024-11-25T15:24:32.076+09:00  INFO 48840 --- [demo] [main] com.example.demo.LombokTestApplication   : info... product = Product(name=김치냉장고, description=null, price=10000000)
2024-11-25T15:24:32.076+09:00  WARN 48840 --- [demo] [main] com.example.demo.LombokTestApplication   : warn...
2024-11-25T15:24:32.076+09:00 ERROR 48840 --- [demo] [main] com.example.demo.LombokTestApplication   : error...
2024-11-25T15:24:32.076+09:00 DEBUG 48840 --- [demo] [main] com.example.demo.LombokTestApplication   : debug...
2024-11-25T15:24:32.076+09:00  INFO 48840 --- [demo] [main] com.example.demo.LombokTestApplication   : info... product = Product(name=김치냉장고, description=null, price=10000000)
2024-11-25T15:24:32.076+09:00  WARN 48840 --- [demo] [main] com.example.demo.LombokTestApplication   : warn...
2024-11-25T15:24:32.076+09:00 ERROR 48840 --- [demo] [main] com.example.demo.LombokTestApplication   : error...
2024-11-25T15:24:32.076+09:00 DEBUG 48840 --- [demo] [main] com.example.demo.LombokTestApplication   : debug...
2024-11-25T15:24:32.076+09:00  INFO 48840 --- [demo] [main] com.example.demo.LombokTestApplication   : info... product = Product(name=김치냉장고, description=null, price=10000000)
2024-11-25T15:24:32.076+09:00  WARN 48840 --- [demo] [main] com.example.demo.LombokTestApplication   : warn...
2024-11-25T15:24:32.076+09:00 ERROR 48840 --- [demo] [main] com.example.demo.LombokTestApplication   : error...
